Dump in Datenbank eingespielt
WARNUNG: ungueltiger Bearbeitungstatus None in klosterStammblatt 3590. Verwende: 0
FEHLER: orden_uid fehlt in klosterOrden ID 2433: Datensatz verwerfen
{u'ID_KlosterOrden': 2433,
 u'Klosternummer': 3572,
 u'Klosterstatus': None,
 u'Ordenszugeh\xf6rigkeit': None,
 u'Ordenszugeh\xf6rigkeitVerbal_bis': None,
 u'Ordenszugeh\xf6rigkeitVerbal_von': u'vermutlich ab 1529',
 u'Ordenszugeh\xf6rigkeit_bis_von': None,
 u'Ordenszugeh\xf6rigkeit_von_von': 1529,
 u'Ordenszugeh\xf6rigkeitvon__bis': 1809,
 u'Ordenzugeh\xf6rigkeit_bis_bis': None,
 u'interne_Anmerkungen': None}
FEHLER: orden_uid fehlt in klosterOrden ID 350: Datensatz verwerfen
{u'ID_KlosterOrden': 350,
 u'Klosternummer': 409,
 u'Klosterstatus': None,
 u'Ordenszugeh\xf6rigkeit': None,
 u'Ordenszugeh\xf6rigkeitVerbal_bis': None,
 u'Ordenszugeh\xf6rigkeitVerbal_von': None,
 u'Ordenszugeh\xf6rigkeit_bis_von': None,
 u'Ordenszugeh\xf6rigkeit_von_von': None,
 u'Ordenszugeh\xf6rigkeitvon__bis': None,
 u'Ordenzugeh\xf6rigkeit_bis_bis': None,
 u'interne_Anmerkungen': u''}
FEHLER: 150 Kein citekey für Buch Niedersächsisches Klosterbuch 2012 1, 1 gefunden: auslassen
FEHLER: 161 Kein citekey für Buch Hauck, Kirchengeschichte 4 gefunden: auslassen
FEHLER: 161 Kein citekey für Buch Lindner, Germania Monastica gefunden: auslassen
FEHLER: 679 Kein citekey für Buch Die Bistümer des Heiligen Römischen Reiches von ihren Anfängen bis zur Säkularisation, hg. V. Erwin Gatz gefunden: auslassen
FEHLER: 792 Kein citekey für Buch von Brunn genannt von Kauffungen, Das Domkapitel von Meissen im Mittelalter, 2 gefunden: auslassen
FEHLER: 883 Kein citekey für Buch Niedersächsisches Klosterbuch 2012 2, 1290-1298 gefunden: auslassen
FEHLER: 907 Kein citekey für Buch Niedersächsisches Klosterbuch 2012 3, 1465-1467 gefunden: auslassen
FEHLER: 908 Kein citekey für Buch Niedersächsisches Klosterbuch 2012 3, 1471-1487 gefunden: auslassen
FEHLER: 2091 Kein citekey für Buch Klöster Bayern gefunden: auslassen
FEHLER: 3587 Kein citekey für Buch http://www.kloester-bw.de/?nr=629 gefunden: auslassen


Tabelle url_typ: 7 Datensätze


Tabelle url: 1007 Datensätze


Tabelle zeitraum: 3617 Datensätze


Tabelle bistum: 62 Datensätze


Tabelle bistum_url_mm: 60 Datensätze


Tabelle band: 73 Datensätze


Tabelle band_url_mm: 186 Datensätze


Tabelle bearbeitungsstatus: 7 Datensätze


Tabelle personallistenstatus: 3 Datensätze


Tabelle kloster: 1493 Datensätze


Tabelle kloster_url_mm: 718 Datensätze


Tabelle ordenstyp: 4 Datensätze


Tabelle klosterstatus: 11 Datensätze


Tabelle orden: 65 Datensätze


Tabelle kloster_orden: 2057 Datensätze


Tabelle orden_url_mm: 69 Datensätze


Tabelle land: 27 Datensätze


Tabelle ort: 44215 Datensätze


Tabelle ort_url_mm: 9 Datensätze


Tabelle literatur: 1867 Datensätze


Tabelle kloster_standort: 1560 Datensätze


Tabelle kloster_literatur_mm: 1867 Datensätze
