<type 'unicode'>
<type 'unicode'>
<type 'unicode'>
<type 'unicode'>
<type 'unicode'>
<type 'unicode'>
<type 'unicode'>
<type 'unicode'>
<type 'unicode'>
<type 'unicode'>
<type 'unicode'>
<type 'unicode'>
<type 'unicode'>
<type 'unicode'>
<type 'unicode'>
<type 'unicode'>
<type 'unicode'>
<type 'unicode'>
<type 'unicode'>
<type 'NoneType'>
None
<type 'unicode'>
<type 'unicode'>
keine GND URL: 409–412
keine GND URL: http://409–412
<type 'unicode'>
<type 'unicode'>
<type 'unicode'>
<type 'unicode'>
keine GND URL: 4834244-0
keine GND URL: http://4834244-0
